[debug] [2021-05-25T18:11:50.041Z] ----------------------------------------------------------------------
[debug] [2021-05-25T18:11:50.043Z] Command:       /usr/bin/node /usr/bin/firebase emulators:start
[debug] [2021-05-25T18:11:50.043Z] CLI Version:   9.11.0
[debug] [2021-05-25T18:11:50.043Z] Platform:      linux
[debug] [2021-05-25T18:11:50.043Z] Node Version:  v13.14.0
[debug] [2021-05-25T18:11:50.044Z] Time:          Tue May 25 2021 13:11:50 GMT-0500 (Central Daylight Time)
[debug] [2021-05-25T18:11:50.044Z] ----------------------------------------------------------------------
[debug] 
[debug] [2021-05-25T18:11:50.052Z] > command requires scopes: ["email","openid","https://www.googleapis.com/auth/cloudplatformprojects.readonly","https://www.googleapis.com/auth/firebase","https://www.googleapis.com/auth/cloud-platform"]
[debug] [2021-05-25T18:11:50.052Z] > authorizing via signed-in user (h.allen.lester@gmail.com)
[info] i  emulators: Starting emulators: functions, hosting {"metadata":{"emulator":{"name":"hub"},"message":"Starting emulators: functions, hosting"}}
[debug] [2021-05-25T18:11:50.068Z] [hub] writing locator at /tmp/hub-challenge-60876.json
[warn] ⚠  functions: The following emulators are not running, calls to these services from the Functions emulator will affect production: auth, firestore, database, pubsub, storage {"metadata":{"emulator":{"name":"functions"},"message":"The following emulators are not running, calls to these services from the Functions emulator will affect production: \u001b[1mauth, firestore, database, pubsub, storage\u001b[22m"}}
[warn] ⚠  Your requested "node" version "12" doesn't match your global version "13" {"metadata":{"emulator":{"name":"functions"},"message":"Your requested \"node\" version \"12\" doesn't match your global version \"13\""}}
[debug] [2021-05-25T18:11:50.111Z] defaultcredentials: writing to file /home/heath/.config/firebase/h_allen.lester_gmail.com_application_default_credentials.json
[debug] [2021-05-25T18:11:50.133Z] Setting GAC to /home/heath/.config/firebase/h_allen.lester_gmail.com_application_default_credentials.json {"metadata":{"emulator":{"name":"functions"},"message":"Setting GAC to /home/heath/.config/firebase/h_allen.lester_gmail.com_application_default_credentials.json"}}
[debug] [2021-05-25T18:11:50.136Z] >>> [apiv2][query] GET https://firebase.googleapis.com/v1beta1/projects/challenge-60876/adminSdkConfig [none]
[debug] [2021-05-25T18:11:50.462Z] <<< [apiv2][status] GET https://firebase.googleapis.com/v1beta1/projects/challenge-60876/adminSdkConfig 200
[debug] [2021-05-25T18:11:50.462Z] <<< [apiv2][body] GET https://firebase.googleapis.com/v1beta1/projects/challenge-60876/adminSdkConfig {"projectId":"challenge-60876","storageBucket":"challenge-60876.appspot.com"}
[debug] [2021-05-25T18:11:50.475Z] >>> [apiv2][query] GET https://firebasehosting.googleapis.com/v1beta1/projects/challenge-60876/sites 
[debug] [2021-05-25T18:11:50.877Z] <<< [apiv2][status] GET https://firebasehosting.googleapis.com/v1beta1/projects/challenge-60876/sites 200
[debug] [2021-05-25T18:11:50.877Z] <<< [apiv2][body] GET https://firebasehosting.googleapis.com/v1beta1/projects/challenge-60876/sites {"sites":[{"name":"projects/929539474141/sites/challenge-60876","defaultUrl":"https://challenge-60876.web.app","appId":"1:929539474141:web:b99bcc7780bd64232c1134","type":"DEFAULT_SITE"}]}
[debug] [2021-05-25T18:11:50.877Z] >>> [apiv2][query] GET https://firebase.googleapis.com/v1beta1/projects/challenge-60876/webApps/1:929539474141:web:b99bcc7780bd64232c1134/config [none]
[debug] [2021-05-25T18:11:51.319Z] <<< [apiv2][status] GET https://firebase.googleapis.com/v1beta1/projects/challenge-60876/webApps/1:929539474141:web:b99bcc7780bd64232c1134/config 200
[debug] [2021-05-25T18:11:51.319Z] <<< [apiv2][body] GET https://firebase.googleapis.com/v1beta1/projects/challenge-60876/webApps/1:929539474141:web:b99bcc7780bd64232c1134/config {"projectId":"challenge-60876","appId":"1:929539474141:web:b99bcc7780bd64232c1134","storageBucket":"challenge-60876.appspot.com","apiKey":"AIzaSyCLLkGUCjgaERzNcpG4Y9CByTaN-D4jnKc","authDomain":"challenge-60876.firebaseapp.com","messagingSenderId":"929539474141","measurementId":"G-PKTKQ08GQ7"}
[info] i  hosting: Serving hosting files from: build {"metadata":{"emulator":{"name":"hosting"},"message":"Serving hosting files from: \u001b[1mbuild\u001b[22m"}}
[info] ✔  hosting: Local server: http://127.0.0.1:5000 {"metadata":{"emulator":{"name":"hosting"},"message":"Local server: \u001b[4m\u001b[1mhttp://127.0.0.1:5000\u001b[22m\u001b[24m"}}
[debug] [2021-05-25T18:11:51.358Z] Ignoring unsupported arg: auto_download {"metadata":{"emulator":{"name":"ui"},"message":"Ignoring unsupported arg: auto_download"}}
[debug] [2021-05-25T18:11:51.358Z] Ignoring unsupported arg: port {"metadata":{"emulator":{"name":"ui"},"message":"Ignoring unsupported arg: port"}}
[debug] [2021-05-25T18:11:51.358Z] Starting Emulator UI with command {"binary":"node","args":["/home/heath/.cache/firebase/emulators/ui-v1.5.0/server.bundle.js"],"optionalArgs":[],"joinArgs":false} {"metadata":{"emulator":{"name":"ui"},"message":"Starting Emulator UI with command {\"binary\":\"node\",\"args\":[\"/home/heath/.cache/firebase/emulators/ui-v1.5.0/server.bundle.js\"],\"optionalArgs\":[],\"joinArgs\":false}"}}
[info] i  ui: Emulator UI logging to ui-debug.log {"metadata":{"emulator":{"name":"ui"},"message":"Emulator UI logging to \u001b[1mui-debug.log\u001b[22m"}}
[debug] [2021-05-25T18:11:51.447Z] Web / API server started at http://127.0.0.1:4000
 {"metadata":{"emulator":{"name":"ui"},"message":"Web / API server started at http://127.0.0.1:4000\n"}}
[info] i  functions: Watching "/home/heath/workspace/amazon-clone/amazon-clone-client/functions" for Cloud Functions... {"metadata":{"emulator":{"name":"functions"},"message":"Watching \"/home/heath/workspace/amazon-clone/amazon-clone-client/functions\" for Cloud Functions..."}}
[debug] [2021-05-25T18:11:51.674Z] [worker-pool] addWorker(~diagnostic~) {"metadata":{"emulator":{"name":"functions"},"message":"[worker-pool] addWorker(~diagnostic~)"}}
[debug] [2021-05-25T18:11:51.674Z] [worker-pool] Adding worker with key ~diagnostic~, total=1 {"metadata":{"emulator":{"name":"functions"},"message":"[worker-pool] Adding worker with key ~diagnostic~, total=1"}}
[debug] [2021-05-25T18:11:51.674Z] [worker-pool] submitWork(triggerId=) {"metadata":{"emulator":{"name":"functions"},"message":"[worker-pool] submitWork(triggerId=)"}}
[debug] [2021-05-25T18:11:51.675Z] [worker-~diagnostic~-9220ac62-80ac-4b36-84fa-5012ee6aed9f]: Assigning socketPath: /tmp/fire_emu_8918.sock {"metadata":{"emulator":{"name":"functions"},"message":"[worker-~diagnostic~-9220ac62-80ac-4b36-84fa-5012ee6aed9f]: Assigning socketPath: /tmp/fire_emu_8918.sock"}}
[debug] [2021-05-25T18:11:51.675Z] [worker-~diagnostic~-9220ac62-80ac-4b36-84fa-5012ee6aed9f]: BUSY {"metadata":{"emulator":{"name":"functions"},"message":"[worker-~diagnostic~-9220ac62-80ac-4b36-84fa-5012ee6aed9f]: BUSY"}}
[debug] [2021-05-25T18:11:51.848Z] [runtime-status] [8918] Functions runtime initialized. {"cwd":"/home/heath/workspace/amazon-clone/amazon-clone-client/functions","node_version":"13.14.0"} {"metadata":{"emulator":{"name":"functions"},"message":"[runtime-status] [8918] Functions runtime initialized. {\"cwd\":\"/home/heath/workspace/amazon-clone/amazon-clone-client/functions\",\"node_version\":\"13.14.0\"}"}}
[debug] [2021-05-25T18:11:51.849Z] [runtime-status] [8918] Disabled runtime features: undefined {"metadata":{"emulator":{"name":"functions"},"message":"[runtime-status] [8918] Disabled runtime features: undefined"}}
[debug] [2021-05-25T18:11:51.851Z] [runtime-status] [8918] Resolved module firebase-admin {"declared":true,"installed":true,"version":"9.8.0","resolution":"/home/heath/workspace/amazon-clone/amazon-clone-client/functions/node_modules/firebase-admin/lib/index.js"} {"metadata":{"emulator":{"name":"functions"},"message":"[runtime-status] [8918] Resolved module firebase-admin {\"declared\":true,\"installed\":true,\"version\":\"9.8.0\",\"resolution\":\"/home/heath/workspace/amazon-clone/amazon-clone-client/functions/node_modules/firebase-admin/lib/index.js\"}"}}
[debug] [2021-05-25T18:11:51.853Z] [runtime-status] [8918] Resolved module firebase-functions {"declared":true,"installed":true,"version":"3.14.1","resolution":"/home/heath/workspace/amazon-clone/amazon-clone-client/functions/node_modules/firebase-functions/lib/index.js"} {"metadata":{"emulator":{"name":"functions"},"message":"[runtime-status] [8918] Resolved module firebase-functions {\"declared\":true,\"installed\":true,\"version\":\"3.14.1\",\"resolution\":\"/home/heath/workspace/amazon-clone/amazon-clone-client/functions/node_modules/firebase-functions/lib/index.js\"}"}}
[debug] [2021-05-25T18:11:51.855Z] [runtime-status] [8918] Resolved module firebase-functions {"declared":true,"installed":true,"version":"3.14.1","resolution":"/home/heath/workspace/amazon-clone/amazon-clone-client/functions/node_modules/firebase-functions/lib/index.js"} {"metadata":{"emulator":{"name":"functions"},"message":"[runtime-status] [8918] Resolved module firebase-functions {\"declared\":true,\"installed\":true,\"version\":\"3.14.1\",\"resolution\":\"/home/heath/workspace/amazon-clone/amazon-clone-client/functions/node_modules/firebase-functions/lib/index.js\"}"}}
[debug] [2021-05-25T18:11:51.857Z] [runtime-status] [8918] Outgoing network have been stubbed. [{"name":"http","status":"mocked"},{"name":"http","status":"mocked"},{"name":"https","status":"mocked"},{"name":"https","status":"mocked"},{"name":"net","status":"mocked"}] {"metadata":{"emulator":{"name":"functions"},"message":"[runtime-status] [8918] Outgoing network have been stubbed. [{\"name\":\"http\",\"status\":\"mocked\"},{\"name\":\"http\",\"status\":\"mocked\"},{\"name\":\"https\",\"status\":\"mocked\"},{\"name\":\"https\",\"status\":\"mocked\"},{\"name\":\"net\",\"status\":\"mocked\"}]"}}
[debug] [2021-05-25T18:11:51.857Z] [runtime-status] [8918] Resolved module firebase-functions {"declared":true,"installed":true,"version":"3.14.1","resolution":"/home/heath/workspace/amazon-clone/amazon-clone-client/functions/node_modules/firebase-functions/lib/index.js"} {"metadata":{"emulator":{"name":"functions"},"message":"[runtime-status] [8918] Resolved module firebase-functions {\"declared\":true,\"installed\":true,\"version\":\"3.14.1\",\"resolution\":\"/home/heath/workspace/amazon-clone/amazon-clone-client/functions/node_modules/firebase-functions/lib/index.js\"}"}}
[debug] [2021-05-25T18:11:51.904Z] [runtime-status] [8918] Checked functions.config() {"config":{}} {"metadata":{"emulator":{"name":"functions"},"message":"[runtime-status] [8918] Checked functions.config() {\"config\":{}}"}}
[debug] [2021-05-25T18:11:51.904Z] [runtime-status] [8918] firebase-functions has been stubbed. {"functionsResolution":{"declared":true,"installed":true,"version":"3.14.1","resolution":"/home/heath/workspace/amazon-clone/amazon-clone-client/functions/node_modules/firebase-functions/lib/index.js"}} {"metadata":{"emulator":{"name":"functions"},"message":"[runtime-status] [8918] firebase-functions has been stubbed. {\"functionsResolution\":{\"declared\":true,\"installed\":true,\"version\":\"3.14.1\",\"resolution\":\"/home/heath/workspace/amazon-clone/amazon-clone-client/functions/node_modules/firebase-functions/lib/index.js\"}}"}}
[debug] [2021-05-25T18:11:51.904Z] [runtime-status] [8918] Resolved module firebase-functions {"declared":true,"installed":true,"version":"3.14.1","resolution":"/home/heath/workspace/amazon-clone/amazon-clone-client/functions/node_modules/firebase-functions/lib/index.js"} {"metadata":{"emulator":{"name":"functions"},"message":"[runtime-status] [8918] Resolved module firebase-functions {\"declared\":true,\"installed\":true,\"version\":\"3.14.1\",\"resolution\":\"/home/heath/workspace/amazon-clone/amazon-clone-client/functions/node_modules/firebase-functions/lib/index.js\"}"}}
[debug] [2021-05-25T18:11:51.905Z] [runtime-status] [8918] Resolved module firebase-admin {"declared":true,"installed":true,"version":"9.8.0","resolution":"/home/heath/workspace/amazon-clone/amazon-clone-client/functions/node_modules/firebase-admin/lib/index.js"} {"metadata":{"emulator":{"name":"functions"},"message":"[runtime-status] [8918] Resolved module firebase-admin {\"declared\":true,\"installed\":true,\"version\":\"9.8.0\",\"resolution\":\"/home/heath/workspace/amazon-clone/amazon-clone-client/functions/node_modules/firebase-admin/lib/index.js\"}"}}
[debug] [2021-05-25T18:11:51.905Z] [runtime-status] [8918] Resolved module firebase-functions {"declared":true,"installed":true,"version":"3.14.1","resolution":"/home/heath/workspace/amazon-clone/amazon-clone-client/functions/node_modules/firebase-functions/lib/index.js"} {"metadata":{"emulator":{"name":"functions"},"message":"[runtime-status] [8918] Resolved module firebase-functions {\"declared\":true,\"installed\":true,\"version\":\"3.14.1\",\"resolution\":\"/home/heath/workspace/amazon-clone/amazon-clone-client/functions/node_modules/firebase-functions/lib/index.js\"}"}}
[debug] [2021-05-25T18:11:51.906Z] [runtime-status] [8918] firebase-admin has been stubbed. {"adminResolution":{"declared":true,"installed":true,"version":"9.8.0","resolution":"/home/heath/workspace/amazon-clone/amazon-clone-client/functions/node_modules/firebase-admin/lib/index.js"}} {"metadata":{"emulator":{"name":"functions"},"message":"[runtime-status] [8918] firebase-admin has been stubbed. {\"adminResolution\":{\"declared\":true,\"installed\":true,\"version\":\"9.8.0\",\"resolution\":\"/home/heath/workspace/amazon-clone/amazon-clone-client/functions/node_modules/firebase-admin/lib/index.js\"}}"}}
[info] ✔  functions[api]: http function initialized (http://127.0.0.1:5001/challenge-60876/us-central1/api). {"metadata":{"emulator":{"name":"functions"},"message":"\u001b[1mhttp\u001b[22m function initialized (http://127.0.0.1:5001/challenge-60876/us-central1/api)."}}
[info] 
┌─────────────────────────────────────────────────────────────┐
│ ✔  All emulators ready! It is now safe to connect your app. │
│ i  View Emulator UI at http://127.0.0.1:4000                │
└─────────────────────────────────────────────────────────────┘

┌───────────┬────────────────┬─────────────────────────────────┐
│ Emulator  │ Host:Port      │ View in Emulator UI             │
├───────────┼────────────────┼─────────────────────────────────┤
│ Functions │ 127.0.0.1:5001 │ http://127.0.0.1:4000/functions │
├───────────┼────────────────┼─────────────────────────────────┤
│ Hosting   │ 127.0.0.1:5000 │ n/a                             │
└───────────┴────────────────┴─────────────────────────────────┘
  Emulator Hub running at 127.0.0.1:4400
  Other reserved ports: 4500

Issues? Report them at https://github.com/firebase/firebase-tools/issues and attach the *-debug.log files.
 
[debug] [2021-05-25T18:11:52.075Z] [worker-~diagnostic~-9220ac62-80ac-4b36-84fa-5012ee6aed9f]: IDLE {"metadata":{"emulator":{"name":"functions"},"message":"[worker-~diagnostic~-9220ac62-80ac-4b36-84fa-5012ee6aed9f]: IDLE"}}
[debug] [2021-05-25T18:11:56.194Z] [work-queue] {"queueLength":1,"workRunningCount":0}
[debug] [2021-05-25T18:11:56.194Z] [work-queue] {"queueLength":0,"workRunningCount":1}
[debug] [2021-05-25T18:11:56.194Z] Accepted request GET /challenge-60876/us-central1/api --> api
[debug] [2021-05-25T18:11:56.209Z] [worker-pool] addWorker(api) {"metadata":{"emulator":{"name":"functions"},"message":"[worker-pool] addWorker(api)"}}
[debug] [2021-05-25T18:11:56.210Z] [worker-pool] Adding worker with key api, total=1 {"metadata":{"emulator":{"name":"functions"},"message":"[worker-pool] Adding worker with key api, total=1"}}
[debug] [2021-05-25T18:11:56.210Z] [worker-pool] submitWork(triggerId=api) {"metadata":{"emulator":{"name":"functions"},"message":"[worker-pool] submitWork(triggerId=api)"}}
[debug] [2021-05-25T18:11:56.210Z] [worker-api-8e75c40e-94fc-4257-9686-120e662323db]: Assigning socketPath: /tmp/fire_emu_8925.sock {"metadata":{"emulator":{"name":"functions"},"message":"[worker-api-8e75c40e-94fc-4257-9686-120e662323db]: Assigning socketPath: /tmp/fire_emu_8925.sock"}}
[debug] [2021-05-25T18:11:56.210Z] [worker-api-8e75c40e-94fc-4257-9686-120e662323db]: BUSY {"metadata":{"emulator":{"name":"functions"},"message":"[worker-api-8e75c40e-94fc-4257-9686-120e662323db]: BUSY"}}
[debug] [2021-05-25T18:11:56.379Z] [runtime-status] [8925] Functions runtime initialized. {"cwd":"/home/heath/workspace/amazon-clone/amazon-clone-client/functions","node_version":"13.14.0"} {"metadata":{"emulator":{"name":"functions"},"function":{"name":"api"},"message":"[runtime-status] [8925] Functions runtime initialized. {\"cwd\":\"/home/heath/workspace/amazon-clone/amazon-clone-client/functions\",\"node_version\":\"13.14.0\"}"}}
[debug] [2021-05-25T18:11:56.381Z] [runtime-status] [8925] Disabled runtime features: undefined {"metadata":{"emulator":{"name":"functions"},"function":{"name":"api"},"message":"[runtime-status] [8925] Disabled runtime features: undefined"}}
[debug] [2021-05-25T18:11:56.382Z] [runtime-status] [8925] Resolved module firebase-admin {"declared":true,"installed":true,"version":"9.8.0","resolution":"/home/heath/workspace/amazon-clone/amazon-clone-client/functions/node_modules/firebase-admin/lib/index.js"} {"metadata":{"emulator":{"name":"functions"},"function":{"name":"api"},"message":"[runtime-status] [8925] Resolved module firebase-admin {\"declared\":true,\"installed\":true,\"version\":\"9.8.0\",\"resolution\":\"/home/heath/workspace/amazon-clone/amazon-clone-client/functions/node_modules/firebase-admin/lib/index.js\"}"}}
[debug] [2021-05-25T18:11:56.384Z] [runtime-status] [8925] Resolved module firebase-functions {"declared":true,"installed":true,"version":"3.14.1","resolution":"/home/heath/workspace/amazon-clone/amazon-clone-client/functions/node_modules/firebase-functions/lib/index.js"} {"metadata":{"emulator":{"name":"functions"},"function":{"name":"api"},"message":"[runtime-status] [8925] Resolved module firebase-functions {\"declared\":true,\"installed\":true,\"version\":\"3.14.1\",\"resolution\":\"/home/heath/workspace/amazon-clone/amazon-clone-client/functions/node_modules/firebase-functions/lib/index.js\"}"}}
[debug] [2021-05-25T18:11:56.385Z] [runtime-status] [8925] Resolved module firebase-functions {"declared":true,"installed":true,"version":"3.14.1","resolution":"/home/heath/workspace/amazon-clone/amazon-clone-client/functions/node_modules/firebase-functions/lib/index.js"} {"metadata":{"emulator":{"name":"functions"},"function":{"name":"api"},"message":"[runtime-status] [8925] Resolved module firebase-functions {\"declared\":true,\"installed\":true,\"version\":\"3.14.1\",\"resolution\":\"/home/heath/workspace/amazon-clone/amazon-clone-client/functions/node_modules/firebase-functions/lib/index.js\"}"}}
[debug] [2021-05-25T18:11:56.386Z] [runtime-status] [8925] Outgoing network have been stubbed. [{"name":"http","status":"mocked"},{"name":"http","status":"mocked"},{"name":"https","status":"mocked"},{"name":"https","status":"mocked"},{"name":"net","status":"mocked"}] {"metadata":{"emulator":{"name":"functions"},"function":{"name":"api"},"message":"[runtime-status] [8925] Outgoing network have been stubbed. [{\"name\":\"http\",\"status\":\"mocked\"},{\"name\":\"http\",\"status\":\"mocked\"},{\"name\":\"https\",\"status\":\"mocked\"},{\"name\":\"https\",\"status\":\"mocked\"},{\"name\":\"net\",\"status\":\"mocked\"}]"}}
[debug] [2021-05-25T18:11:56.387Z] [runtime-status] [8925] Resolved module firebase-functions {"declared":true,"installed":true,"version":"3.14.1","resolution":"/home/heath/workspace/amazon-clone/amazon-clone-client/functions/node_modules/firebase-functions/lib/index.js"} {"metadata":{"emulator":{"name":"functions"},"function":{"name":"api"},"message":"[runtime-status] [8925] Resolved module firebase-functions {\"declared\":true,\"installed\":true,\"version\":\"3.14.1\",\"resolution\":\"/home/heath/workspace/amazon-clone/amazon-clone-client/functions/node_modules/firebase-functions/lib/index.js\"}"}}
[debug] [2021-05-25T18:11:56.439Z] [runtime-status] [8925] Checked functions.config() {"config":{}} {"metadata":{"emulator":{"name":"functions"},"function":{"name":"api"},"message":"[runtime-status] [8925] Checked functions.config() {\"config\":{}}"}}
[debug] [2021-05-25T18:11:56.440Z] [runtime-status] [8925] firebase-functions has been stubbed. {"functionsResolution":{"declared":true,"installed":true,"version":"3.14.1","resolution":"/home/heath/workspace/amazon-clone/amazon-clone-client/functions/node_modules/firebase-functions/lib/index.js"}} {"metadata":{"emulator":{"name":"functions"},"function":{"name":"api"},"message":"[runtime-status] [8925] firebase-functions has been stubbed. {\"functionsResolution\":{\"declared\":true,\"installed\":true,\"version\":\"3.14.1\",\"resolution\":\"/home/heath/workspace/amazon-clone/amazon-clone-client/functions/node_modules/firebase-functions/lib/index.js\"}}"}}
[debug] [2021-05-25T18:11:56.441Z] [runtime-status] [8925] Resolved module firebase-functions {"declared":true,"installed":true,"version":"3.14.1","resolution":"/home/heath/workspace/amazon-clone/amazon-clone-client/functions/node_modules/firebase-functions/lib/index.js"} {"metadata":{"emulator":{"name":"functions"},"function":{"name":"api"},"message":"[runtime-status] [8925] Resolved module firebase-functions {\"declared\":true,\"installed\":true,\"version\":\"3.14.1\",\"resolution\":\"/home/heath/workspace/amazon-clone/amazon-clone-client/functions/node_modules/firebase-functions/lib/index.js\"}"}}
[debug] [2021-05-25T18:11:56.442Z] [runtime-status] [8925] Resolved module firebase-admin {"declared":true,"installed":true,"version":"9.8.0","resolution":"/home/heath/workspace/amazon-clone/amazon-clone-client/functions/node_modules/firebase-admin/lib/index.js"} {"metadata":{"emulator":{"name":"functions"},"function":{"name":"api"},"message":"[runtime-status] [8925] Resolved module firebase-admin {\"declared\":true,\"installed\":true,\"version\":\"9.8.0\",\"resolution\":\"/home/heath/workspace/amazon-clone/amazon-clone-client/functions/node_modules/firebase-admin/lib/index.js\"}"}}
[debug] [2021-05-25T18:11:56.442Z] [runtime-status] [8925] Resolved module firebase-functions {"declared":true,"installed":true,"version":"3.14.1","resolution":"/home/heath/workspace/amazon-clone/amazon-clone-client/functions/node_modules/firebase-functions/lib/index.js"} {"metadata":{"emulator":{"name":"functions"},"function":{"name":"api"},"message":"[runtime-status] [8925] Resolved module firebase-functions {\"declared\":true,\"installed\":true,\"version\":\"3.14.1\",\"resolution\":\"/home/heath/workspace/amazon-clone/amazon-clone-client/functions/node_modules/firebase-functions/lib/index.js\"}"}}
[debug] [2021-05-25T18:11:56.443Z] [runtime-status] [8925] firebase-admin has been stubbed. {"adminResolution":{"declared":true,"installed":true,"version":"9.8.0","resolution":"/home/heath/workspace/amazon-clone/amazon-clone-client/functions/node_modules/firebase-admin/lib/index.js"}} {"metadata":{"emulator":{"name":"functions"},"function":{"name":"api"},"message":"[runtime-status] [8925] firebase-admin has been stubbed. {\"adminResolution\":{\"declared\":true,\"installed\":true,\"version\":\"9.8.0\",\"resolution\":\"/home/heath/workspace/amazon-clone/amazon-clone-client/functions/node_modules/firebase-admin/lib/index.js\"}}"}}
[debug] [2021-05-25T18:11:56.604Z] [runtime-status] [8925] Trigger "api" has been found, beginning invocation! {"metadata":{"emulator":{"name":"functions"},"function":{"name":"api"},"message":"[runtime-status] [8925] Trigger \"api\" has been found, beginning invocation!"}}
[info] i  functions: Beginning execution of "api" {"metadata":{"emulator":{"name":"functions"},"function":{"name":"api"},"message":"Beginning execution of \"api\""}}
[debug] [2021-05-25T18:11:56.606Z] [runtime-status] [8925] triggerDefinition {"httpsTrigger":{},"name":"api","entryPoint":"api"} {"metadata":{"emulator":{"name":"functions"},"function":{"name":"api"},"message":"[runtime-status] [8925] triggerDefinition {\"httpsTrigger\":{},\"name\":\"api\",\"entryPoint\":\"api\"}"}}
[debug] [2021-05-25T18:11:56.606Z] [runtime-status] [8925] Running api in mode HTTPS {"metadata":{"emulator":{"name":"functions"},"function":{"name":"api"},"message":"[runtime-status] [8925] Running api in mode HTTPS"}}
[debug] [2021-05-25T18:11:56.612Z] [runtime-status] [8925] Attempting to listen to socketPath: /tmp/fire_emu_8925.sock {"metadata":{"emulator":{"name":"functions"},"function":{"name":"api"},"message":"[runtime-status] [8925] Attempting to listen to socketPath: /tmp/fire_emu_8925.sock"}}
[debug] [2021-05-25T18:11:56.615Z] [functions] Runtime ready! Sending request! {"metadata":{"emulator":{"name":"functions"},"message":"[functions] Runtime ready! Sending request!"}}
[debug] [2021-05-25T18:11:56.616Z] [functions] Got req.url=/challenge-60876/us-central1/api, mapping to path=/ {"metadata":{"emulator":{"name":"functions"},"message":"[functions] Got req.url=/challenge-60876/us-central1/api, mapping to path=/"}}
[debug] [2021-05-25T18:11:56.621Z] [runtime-status] [8925] Ephemeral server handling GET request {"metadata":{"emulator":{"name":"functions"},"function":{"name":"api"},"message":"[runtime-status] [8925] Ephemeral server handling GET request"}}
[debug] [2021-05-25T18:11:56.627Z] [runtime-status] [8925] Ephemeral server survived. {"metadata":{"emulator":{"name":"functions"},"function":{"name":"api"},"message":"[runtime-status] [8925] Ephemeral server survived."}}
[info] i  functions: Finished "api" in ~1s {"metadata":{"emulator":{"name":"functions"},"function":{"name":"api"},"message":"Finished \"api\" in ~1s"}}
[debug] [2021-05-25T18:11:56.633Z] [worker-api-8e75c40e-94fc-4257-9686-120e662323db]: IDLE {"metadata":{"emulator":{"name":"functions"},"message":"[worker-api-8e75c40e-94fc-4257-9686-120e662323db]: IDLE"}}
[debug] [2021-05-25T18:11:56.633Z] [work-queue] {"queueLength":0,"workRunningCount":0}
